# JRE version: OpenJDK Runtime Environment Temurin-21.0.5+11 (21.0.5+11) (build 21.0.5+11-LTS)
# Java VM: OpenJDK 64-Bit Server VM Temurin-21.0.5+11 (21.0.5+11-LTS, mixed mode, sharing, tiered, compressed oops, compressed class ptrs, parallel gc, windows-amd64)
GC Precious Log:
 CardTable entry size: 512
 CPUs: 4 total, 4 available
 Memory: 8077M
 Large Page Support: Disabled
 NUMA Support: Disabled
 Compressed Oops: Enabled (32-bit)
 Alignments: Space 512K, Generation 512K, Heap 2M
 Heap Min Capacity: 100M
 Heap Initial Capacity: 100M
 Heap Max Capacity: 1G
 Pre-touch: Disabled
 Parallel Workers: 4
Heap:
 PSYoungGen      total 17408K, used 17262K [0x00000000eab00000, 0x00000000ec000000, 0x0000000100000000)
  eden space 13312K, 100% used [0x00000000eab00000,0x00000000eb800000,0x00000000eb800000)
  from space 4096K, 96% used [0x00000000eb800000,0x00000000ebbdbb60,0x00000000ebc00000)
  to   space 4096K, 0% used [0x00000000ebc00000,0x00000000ebc00000,0x00000000ec000000)
 ParOldGen       total 128512K, used 127834K [0x00000000c0000000, 0x00000000c7d80000, 0x00000000eab00000)
  object space 128512K, 99% used [0x00000000c0000000,0x00000000c7cd6ab0,0x00000000c7d80000)
 Metaspace       used 63640K, committed 65024K, reserved 1114112K
  class space    used 6476K, committed 7104K, reserved 1048576K
GC Heap History (20 events):
Event: 38.189 GC heap before
{Heap before GC invocations=41 (full 2):
 PSYoungGen      total 19968K, used 4831K [0x00000000eab00000, 0x00000000ec380000, 0x0000000100000000)
  eden space 17408K, 15% used [0x00000000eab00000,0x00000000eadac438,0x00000000ebc00000)
  from space 2560K, 81% used [0x00000000ec100000,0x00000000ec30b868,0x00000000ec380000)
  to   space 3072K, 0% used [0x00000000ebd80000,0x00000000ebd80000,0x00000000ec080000)
 ParOldGen       total 74240K, used 73773K [0x00000000c0000000, 0x00000000c4880000, 0x00000000eab00000)
  object space 74240K, 99% used [0x00000000c0000000,0x00000000c480b798,0x00000000c4880000)
 Metaspace       used 59015K, committed 60288K, reserved 1114112K
  class space    used 6023K, committed 6592K, reserved 1048576K
}
Event: 38.192 GC heap after
{Heap after GC invocations=41 (full 2):
 PSYoungGen      total 18432K, used 514K [0x00000000eab00000, 0x00000000ec180000, 0x0000000100000000)
  eden space 17408K, 0% used [0x00000000eab00000,0x00000000eab00000,0x00000000ebc00000)
  from space 1024K, 50% used [0x00000000ebd80000,0x00000000ebe00ba0,0x00000000ebe80000)
  to   space 1536K, 0% used [0x00000000ec000000,0x00000000ec000000,0x00000000ec180000)
 ParOldGen       total 76288K, used 75779K [0x00000000c0000000, 0x00000000c4a80000, 0x00000000eab00000)
  object space 76288K, 99% used [0x00000000c0000000,0x00000000c4a00d40,0x00000000c4a80000)
 Metaspace       used 59015K, committed 60288K, reserved 1114112K
  class space    used 6023K, committed 6592K, reserved 1048576K
}
Event: 38.192 GC heap before
{Heap before GC invocations=42 (full 3):
 PSYoungGen      total 18432K, used 514K [0x00000000eab00000, 0x00000000ec180000, 0x0000000100000000)
  eden space 17408K, 0% used [0x00000000eab00000,0x00000000eab00000,0x00000000ebc00000)
  from space 1024K, 50% used [0x00000000ebd80000,0x00000000ebe00ba0,0x00000000ebe80000)
  to   space 1536K, 0% used [0x00000000ec000000,0x00000000ec000000,0x00000000ec180000)
 ParOldGen       total 76288K, used 75779K [0x00000000c0000000, 0x00000000c4a80000, 0x00000000eab00000)
  object space 76288K, 99% used [0x00000000c0000000,0x00000000c4a00d40,0x00000000c4a80000)
 Metaspace       used 59015K, committed 60288K, reserved 1114112K
  class space    used 6023K, committed 6592K, reserved 1048576K
}
Event: 38.409 GC heap after
{Heap after GC invocations=42 (full 3):
 PSYoungGen      total 18432K, used 0K [0x00000000eab00000, 0x00000000ec180000, 0x0000000100000000)
  eden space 17408K, 0% used [0x00000000eab00000,0x00000000eab00000,0x00000000ebc00000)
  from space 1024K, 0% used [0x00000000ebd80000,0x00000000ebd80000,0x00000000ebe80000)
  to   space 1536K, 0% used [0x00000000ec000000,0x00000000ec000000,0x00000000ec180000)
 ParOldGen       total 76288K, used 65191K [0x00000000c0000000, 0x00000000c4a80000, 0x00000000eab00000)
  object space 76288K, 85% used [0x00000000c0000000,0x00000000c3fa9ca0,0x00000000c4a80000)
 Metaspace       used 59015K, committed 60288K, reserved 1114112K
  class space    used 6023K, committed 6592K, reserved 1048576K
}
Event: 38.727 GC heap before
{Heap before GC invocations=43 (full 3):
 PSYoungGen      total 18432K, used 17408K [0x00000000eab00000, 0x00000000ec180000, 0x0000000100000000)
  eden space 17408K, 100% used [0x00000000eab00000,0x00000000ebc00000,0x00000000ebc00000)
  from space 1024K, 0% used [0x00000000ebd80000,0x00000000ebd80000,0x00000000ebe80000)
  to   space 1536K, 0% used [0x00000000ec000000,0x00000000ec000000,0x00000000ec180000)
 ParOldGen       total 76288K, used 65191K [0x00000000c0000000, 0x00000000c4a80000, 0x00000000eab00000)
  object space 76288K, 85% used [0x00000000c0000000,0x00000000c3fa9ca0,0x00000000c4a80000)
 Metaspace       used 59622K, committed 60928K, reserved 1114112K
  class space    used 6107K, committed 6656K, reserved 1048576K
}
Event: 38.733 GC heap after
{Heap after GC invocations=43 (full 3):
 PSYoungGen      total 18944K, used 1516K [0x00000000eab00000, 0x00000000ec300000, 0x0000000100000000)
  eden space 17408K, 0% used [0x00000000eab00000,0x00000000eab00000,0x00000000ebc00000)
  from space 1536K, 98% used [0x00000000ec000000,0x00000000ec17b0e8,0x00000000ec180000)
  to   space 3584K, 0% used [0x00000000ebc00000,0x00000000ebc00000,0x00000000ebf80000)
 ParOldGen       total 76288K, used 66779K [0x00000000c0000000, 0x00000000c4a80000, 0x00000000eab00000)
  object space 76288K, 87% used [0x00000000c0000000,0x00000000c4136e00,0x00000000c4a80000)
 Metaspace       used 59622K, committed 60928K, reserved 1114112K
  class space    used 6107K, committed 6656K, reserved 1048576K
}
Event: 39.244 GC heap before
{Heap before GC invocations=44 (full 3):
 PSYoungGen      total 18944K, used 18311K [0x00000000eab00000, 0x00000000ec300000, 0x0000000100000000)
  eden space 17408K, 96% used [0x00000000eab00000,0x00000000ebb66be0,0x00000000ebc00000)
  from space 1536K, 98% used [0x00000000ec000000,0x00000000ec17b0e8,0x00000000ec180000)
  to   space 3584K, 0% used [0x00000000ebc00000,0x00000000ebc00000,0x00000000ebf80000)
 ParOldGen       total 76288K, used 66779K [0x00000000c0000000, 0x00000000c4a80000, 0x00000000eab00000)
  object space 76288K, 87% used [0x00000000c0000000,0x00000000c4136e00,0x00000000c4a80000)
 Metaspace       used 60504K, committed 61824K, reserved 1114112K
  class space    used 6198K, committed 6784K, reserved 1048576K
}
Event: 39.250 GC heap after
{Heap after GC invocations=44 (full 3):
 PSYoungGen      total 20992K, used 3041K [0x00000000eab00000, 0x00000000ec300000, 0x0000000100000000)
  eden space 17408K, 0% used [0x00000000eab00000,0x00000000eab00000,0x00000000ebc00000)
  from space 3584K, 84% used [0x00000000ebc00000,0x00000000ebef85b8,0x00000000ebf80000)
  to   space 3584K, 0% used [0x00000000ebf80000,0x00000000ebf80000,0x00000000ec300000)
 ParOldGen       total 76288K, used 68275K [0x00000000c0000000, 0x00000000c4a80000, 0x00000000eab00000)
  object space 76288K, 89% used [0x00000000c0000000,0x00000000c42acd00,0x00000000c4a80000)
 Metaspace       used 60504K, committed 61824K, reserved 1114112K
  class space    used 6198K, committed 6784K, reserved 1048576K
}
Event: 39.982 GC heap before
{Heap before GC invocations=45 (full 3):
 PSYoungGen      total 20992K, used 20449K [0x00000000eab00000, 0x00000000ec300000, 0x0000000100000000)
  eden space 17408K, 100% used [0x00000000eab00000,0x00000000ebc00000,0x00000000ebc00000)
  from space 3584K, 84% used [0x00000000ebc00000,0x00000000ebef85b8,0x00000000ebf80000)
  to   space 3584K, 0% used [0x00000000ebf80000,0x00000000ebf80000,0x00000000ec300000)
 ParOldGen       total 76288K, used 68275K [0x00000000c0000000, 0x00000000c4a80000, 0x00000000eab00000)
  object space 76288K, 89% used [0x00000000c0000000,0x00000000c42acd00,0x00000000c4a80000)
 Metaspace       used 61505K, committed 62784K, reserved 1114112K
  class space    used 6277K, committed 6848K, reserved 1048576K
}
Event: 39.988 GC heap after
{Heap after GC invocations=45 (full 3):
 PSYoungGen      total 20480K, used 2613K [0x00000000eab00000, 0x00000000ec280000, 0x0000000100000000)
  eden space 17408K, 0% used [0x00000000eab00000,0x00000000eab00000,0x00000000ebc00000)
  from space 3072K, 85% used [0x00000000ebf80000,0x00000000ec20d7f0,0x00000000ec280000)
  to   space 3072K, 0% used [0x00000000ebc80000,0x00000000ebc80000,0x00000000ebf80000)
 ParOldGen       total 76288K, used 71209K [0x00000000c0000000, 0x00000000c4a80000, 0x00000000eab00000)
  object space 76288K, 93% used [0x00000000c0000000,0x00000000c458a550,0x00000000c4a80000)
 Metaspace       used 61505K, committed 62784K, reserved 1114112K
  class space    used 6277K, committed 6848K, reserved 1048576K
}
Event: 40.950 GC heap before
{Heap before GC invocations=46 (full 3):
 PSYoungGen      total 20480K, used 19984K [0x00000000eab00000, 0x00000000ec280000, 0x0000000100000000)
  eden space 17408K, 99% used [0x00000000eab00000,0x00000000ebbf6838,0x00000000ebc00000)
  from space 3072K, 85% used [0x00000000ebf80000,0x00000000ec20d7f0,0x00000000ec280000)
  to   space 3072K, 0% used [0x00000000ebc80000,0x00000000ebc80000,0x00000000ebf80000)
 ParOldGen       total 76288K, used 71209K [0x00000000c0000000, 0x00000000c4a80000, 0x00000000eab00000)
  object space 76288K, 93% used [0x00000000c0000000,0x00000000c458a550,0x00000000c4a80000)
 Metaspace       used 61956K, committed 63296K, reserved 1114112K
  class space    used 6322K, committed 6912K, reserved 1048576K
}
Event: 40.955 GC heap after
{Heap after GC invocations=46 (full 3):
 PSYoungGen      total 19456K, used 1680K [0x00000000eab00000, 0x00000000ec100000, 0x0000000100000000)
  eden space 17408K, 0% used [0x00000000eab00000,0x00000000eab00000,0x00000000ebc00000)
  from space 2048K, 82% used [0x00000000ebc80000,0x00000000ebe24070,0x00000000ebe80000)
  to   space 2560K, 0% used [0x00000000ebe80000,0x00000000ebe80000,0x00000000ec100000)
 ParOldGen       total 76288K, used 73467K [0x00000000c0000000, 0x00000000c4a80000, 0x00000000eab00000)
  object space 76288K, 96% used [0x00000000c0000000,0x00000000c47bef58,0x00000000c4a80000)
 Metaspace       used 61956K, committed 63296K, reserved 1114112K
  class space    used 6322K, committed 6912K, reserved 1048576K
}
Event: 41.316 GC heap before
{Heap before GC invocations=47 (full 3):
 PSYoungGen      total 19456K, used 19088K [0x00000000eab00000, 0x00000000ec100000, 0x0000000100000000)
  eden space 17408K, 100% used [0x00000000eab00000,0x00000000ebc00000,0x00000000ebc00000)
  from space 2048K, 82% used [0x00000000ebc80000,0x00000000ebe24070,0x00000000ebe80000)
  to   space 2560K, 0% used [0x00000000ebe80000,0x00000000ebe80000,0x00000000ec100000)
 ParOldGen       total 76288K, used 73467K [0x00000000c0000000, 0x00000000c4a80000, 0x00000000eab00000)
  object space 76288K, 96% used [0x00000000c0000000,0x00000000c47bef58,0x00000000c4a80000)
 Metaspace       used 62638K, committed 64000K, reserved 1114112K
  class space    used 6404K, committed 6976K, reserved 1048576K
}
Event: 41.320 GC heap after
{Heap after GC invocations=47 (full 3):
 PSYoungGen      total 15872K, used 2550K [0x00000000eab00000, 0x00000000ec900000, 0x0000000100000000)
  eden space 13312K, 0% used [0x00000000eab00000,0x00000000eab00000,0x00000000eb800000)
  from space 2560K, 99% used [0x00000000ebe80000,0x00000000ec0fda50,0x00000000ec100000)
  to   space 6656K, 0% used [0x00000000eb800000,0x00000000eb800000,0x00000000ebe80000)
 ParOldGen       total 77824K, used 76454K [0x00000000c0000000, 0x00000000c4c00000, 0x00000000eab00000)
  object space 77824K, 98% used [0x00000000c0000000,0x00000000c4aa9820,0x00000000c4c00000)
 Metaspace       used 62638K, committed 64000K, reserved 1114112K
  class space    used 6404K, committed 6976K, reserved 1048576K
}
Event: 41.614 GC heap before
{Heap before GC invocations=48 (full 3):
 PSYoungGen      total 15872K, used 15862K [0x00000000eab00000, 0x00000000ec900000, 0x0000000100000000)
  eden space 13312K, 100% used [0x00000000eab00000,0x00000000eb800000,0x00000000eb800000)
  from space 2560K, 99% used [0x00000000ebe80000,0x00000000ec0fda50,0x00000000ec100000)
  to   space 6656K, 0% used [0x00000000eb800000,0x00000000eb800000,0x00000000ebe80000)
 ParOldGen       total 77824K, used 76454K [0x00000000c0000000, 0x00000000c4c00000, 0x00000000eab00000)
  object space 77824K, 98% used [0x00000000c0000000,0x00000000c4aa9820,0x00000000c4c00000)
 Metaspace       used 62922K, committed 64320K, reserved 1114112K
  class space    used 6424K, committed 7040K, reserved 1048576K
}
Event: 41.623 GC heap after
{Heap after GC invocations=48 (full 3):
 PSYoungGen      total 16896K, used 3091K [0x00000000eab00000, 0x00000000ec000000, 0x0000000100000000)
  eden space 13312K, 0% used [0x00000000eab00000,0x00000000eab00000,0x00000000eb800000)
  from space 3584K, 86% used [0x00000000eb800000,0x00000000ebb04e08,0x00000000ebb80000)
  to   space 4096K, 0% used [0x00000000ebc00000,0x00000000ebc00000,0x00000000ec000000)
 ParOldGen       total 78848K, used 78640K [0x00000000c0000000, 0x00000000c4d00000, 0x00000000eab00000)
  object space 78848K, 99% used [0x00000000c0000000,0x00000000c4ccc2d8,0x00000000c4d00000)
 Metaspace       used 62922K, committed 64320K, reserved 1114112K
  class space    used 6424K, committed 7040K, reserved 1048576K
}
Event: 41.918 GC heap before
{Heap before GC invocations=49 (full 3):
 PSYoungGen      total 16896K, used 16381K [0x00000000eab00000, 0x00000000ec000000, 0x0000000100000000)
  eden space 13312K, 99% used [0x00000000eab00000,0x00000000eb7fa828,0x00000000eb800000)
  from space 3584K, 86% used [0x00000000eb800000,0x00000000ebb04e08,0x00000000ebb80000)
  to   space 4096K, 0% used [0x00000000ebc00000,0x00000000ebc00000,0x00000000ec000000)
 ParOldGen       total 78848K, used 78640K [0x00000000c0000000, 0x00000000c4d00000, 0x00000000eab00000)
  object space 78848K, 99% used [0x00000000c0000000,0x00000000c4ccc2d8,0x00000000c4d00000)
 Metaspace       used 63386K, committed 64768K, reserved 1114112K
  class space    used 6455K, committed 7040K, reserved 1048576K
}
Event: 41.924 GC heap after
{Heap after GC invocations=49 (full 3):
 PSYoungGen      total 17408K, used 3612K [0x00000000eab00000, 0x00000000ec000000, 0x0000000100000000)
  eden space 13312K, 0% used [0x00000000eab00000,0x00000000eab00000,0x00000000eb800000)
  from space 4096K, 88% used [0x00000000ebc00000,0x00000000ebf87368,0x00000000ec000000)
  to   space 4096K, 0% used [0x00000000eb800000,0x00000000eb800000,0x00000000ebc00000)
 ParOldGen       total 81408K, used 81057K [0x00000000c0000000, 0x00000000c4f80000, 0x00000000eab00000)
  object space 81408K, 99% used [0x00000000c0000000,0x00000000c4f28720,0x00000000c4f80000)
 Metaspace       used 63386K, committed 64768K, reserved 1114112K
  class space    used 6455K, committed 7040K, reserved 1048576K
}
Event: 42.411 GC heap before
{Heap before GC invocations=50 (full 3):
 PSYoungGen      total 17408K, used 16062K [0x00000000eab00000, 0x00000000ec000000, 0x0000000100000000)
  eden space 13312K, 93% used [0x00000000eab00000,0x00000000eb728778,0x00000000eb800000)
  from space 4096K, 88% used [0x00000000ebc00000,0x00000000ebf87368,0x00000000ec000000)
  to   space 4096K, 0% used [0x00000000eb800000,0x00000000eb800000,0x00000000ebc00000)
 ParOldGen       total 81408K, used 81057K [0x00000000c0000000, 0x00000000c4f80000, 0x00000000eab00000)
  object space 81408K, 99% used [0x00000000c0000000,0x00000000c4f28720,0x00000000c4f80000)
 Metaspace       used 63603K, committed 64960K, reserved 1114112K
  class space    used 6473K, committed 7104K, reserved 1048576K
}
Event: 42.414 GC heap after
{Heap after GC invocations=50 (full 3):
 PSYoungGen      total 17408K, used 3950K [0x00000000eab00000, 0x00000000ec000000, 0x0000000100000000)
  eden space 13312K, 0% used [0x00000000eab00000,0x00000000eab00000,0x00000000eb800000)
  from space 4096K, 96% used [0x00000000eb800000,0x00000000ebbdbb60,0x00000000ebc00000)
  to   space 4096K, 0% used [0x00000000ebc00000,0x00000000ebc00000,0x00000000ec000000)
 ParOldGen       total 82944K, used 82835K [0x00000000c0000000, 0x00000000c5100000, 0x00000000eab00000)
  object space 82944K, 99% used [0x00000000c0000000,0x00000000c50e4f50,0x00000000c5100000)
 Metaspace       used 63603K, committed 64960K, reserved 1114112K
  class space    used 6473K, committed 7104K, reserved 1048576K
}

